<?xml version="1.0" encoding="UTF-8"?>
<coverage generated="1576033084643" clover="3.2.0">
  <project timestamp="1576033084644" name="All files">
    <metrics statements="25" coveredstatements="12" conditionals="0" coveredconditionals="0" methods="7" coveredmethods="4" elements="32" coveredelements="16" complexity="0" loc="25" ncloc="25" packages="1" files="2" classes="2"/>
    <file name="bacen.api.js" path="C:\dev\tools\git\courses\projects\convert-my-money\lib\bacen.api.js">
      <metrics statements="20" coveredstatements="7" conditionals="0" coveredconditionals="0" methods="5" coveredmethods="2"/>
      <line num="1" count="1" type="stmt"/>
      <line num="3" count="1" type="stmt"/>
      <line num="5" count="1" type="stmt"/>
      <line num="6" count="0" type="stmt"/>
      <line num="7" count="0" type="stmt"/>
      <line num="8" count="0" type="stmt"/>
      <line num="9" count="0" type="stmt"/>
      <line num="10" count="0" type="stmt"/>
      <line num="12" count="1" type="stmt"/>
      <line num="13" count="1" type="stmt"/>
      <line num="14" count="1" type="stmt"/>
      <line num="15" count="0" type="stmt"/>
      <line num="17" count="0" type="stmt"/>
      <line num="18" count="0" type="stmt"/>
      <line num="19" count="0" type="stmt"/>
      <line num="20" count="0" type="stmt"/>
      <line num="21" count="0" type="stmt"/>
      <line num="23" count="0" type="stmt"/>
      <line num="24" count="0" type="stmt"/>
      <line num="30" count="1" type="stmt"/>
    </file>
    <file name="currency.js" path="C:\dev\tools\git\courses\projects\convert-my-money\lib\currency.js">
      <metrics statements="5" coveredstatements="5" conditionals="0" coveredconditionals="0" methods="2" coveredmethods="2"/>
      <line num="1" count="1" type="stmt"/>
      <line num="2" count="2" type="stmt"/>
      <line num="5" count="1" type="stmt"/>
      <line num="6" count="1" type="stmt"/>
      <line num="9" count="1" type="stmt"/>
    </file>
  </project>
</coverage>
