{"C:\\dev\\tools\\git\\courses\\projects\\convert-my-money\\lib\\bacen.api.js": {"path":"C:\\dev\\tools\\git\\courses\\projects\\convert-my-money\\lib\\bacen.api.js","statementMap":{"0":{"start":{"line":1,"column":14},"end":{"line":1,"column":30}},"1":{"start":{"line":3,"column":15},"end":{"line":8,"column":1}},"2":{"start":{"line":6,"column":4},"end":{"line":6,"column":227}},"3":{"start":{"line":10,"column":17},"end":{"line":16,"column":1}},"4":{"start":{"line":11,"column":18},"end":{"line":11,"column":28}},"5":{"start":{"line":12,"column":15},"end":{"line":12,"column":31}},"6":{"start":{"line":13,"column":15},"end":{"line":13,"column":30}},"7":{"start":{"line":14,"column":17},"end":{"line":14,"column":36}},"8":{"start":{"line":15,"column":4},"end":{"line":15,"column":36}},"9":{"start":{"line":17,"column":20},"end":{"line":17,"column":41}},"10":{"start":{"line":17,"column":27},"end":{"line":17,"column":41}},"11":{"start":{"line":18,"column":21},"end":{"line":18,"column":70}},"12":{"start":{"line":18,"column":35},"end":{"line":18,"column":70}},"13":{"start":{"line":19,"column":17},"end":{"line":30,"column":1}},"14":{"start":{"line":19,"column":68},"end":{"line":30,"column":1}},"15":{"start":{"line":20,"column":4},"end":{"line":29,"column":5}},"16":{"start":{"line":21,"column":22},"end":{"line":21,"column":32}},"17":{"start":{"line":22,"column":20},"end":{"line":22,"column":33}},"18":{"start":{"line":23,"column":25},"end":{"line":23,"column":47}},"19":{"start":{"line":24,"column":22},"end":{"line":24,"column":44}},"20":{"start":{"line":25,"column":8},"end":{"line":25,"column":26}},"21":{"start":{"line":26,"column":8},"end":{"line":26,"column":20}},"22":{"start":{"line":28,"column":8},"end":{"line":28,"column":17}},"23":{"start":{"line":34,"column":0},"end":{"line":43,"column":1}}},"fnMap":{"0":{"name":"(anonymous_0)","decl":{"start":{"line":3,"column":15},"end":{"line":3,"column":16}},"loc":{"start":{"line":3,"column":25},"end":{"line":8,"column":1}},"line":3},"1":{"name":"(anonymous_1)","decl":{"start":{"line":10,"column":17},"end":{"line":10,"column":18}},"loc":{"start":{"line":10,"column":23},"end":{"line":16,"column":1}},"line":10},"2":{"name":"(anonymous_2)","decl":{"start":{"line":17,"column":20},"end":{"line":17,"column":21}},"loc":{"start":{"line":17,"column":27},"end":{"line":17,"column":41}},"line":17},"3":{"name":"(anonymous_3)","decl":{"start":{"line":18,"column":21},"end":{"line":18,"column":22}},"loc":{"start":{"line":18,"column":35},"end":{"line":18,"column":70}},"line":18},"4":{"name":"(anonymous_4)","decl":{"start":{"line":19,"column":17},"end":{"line":19,"column":18}},"loc":{"start":{"line":19,"column":68},"end":{"line":30,"column":1}},"line":19},"5":{"name":"(anonymous_5)","decl":{"start":{"line":19,"column":68},"end":{"line":19,"column":69}},"loc":{"start":{"line":19,"column":80},"end":{"line":30,"column":1}},"line":19}},"branchMap":{},"s":{"0":1,"1":1,"2":1,"3":1,"4":1,"5":1,"6":1,"7":1,"8":1,"9":1,"10":1,"11":1,"12":1,"13":1,"14":3,"15":2,"16":2,"17":2,"18":2,"19":1,"20":1,"21":1,"22":1,"23":1},"f":{"0":1,"1":1,"2":1,"3":1,"4":3,"5":2},"b":{},"_coverageSchema":"43e27e138ebf9cfc5966b082cf9a028302ed4184","hash":"f501daf0506d02b4cffd6d15734bb7804b7bd5c9"}
,"C:\\dev\\tools\\git\\courses\\projects\\convert-my-money\\lib\\currency.js": {"path":"C:\\dev\\tools\\git\\courses\\projects\\convert-my-money\\lib\\currency.js","statementMap":{"0":{"start":{"line":1,"column":16},"end":{"line":3,"column":1}},"1":{"start":{"line":2,"column":4},"end":{"line":2,"column":25}},"2":{"start":{"line":5,"column":16},"end":{"line":7,"column":1}},"3":{"start":{"line":6,"column":4},"end":{"line":6,"column":39}},"4":{"start":{"line":9,"column":0},"end":{"line":12,"column":1}}},"fnMap":{"0":{"name":"(anonymous_0)","decl":{"start":{"line":1,"column":16},"end":{"line":1,"column":17}},"loc":{"start":{"line":1,"column":35},"end":{"line":3,"column":1}},"line":1},"1":{"name":"(anonymous_1)","decl":{"start":{"line":5,"column":16},"end":{"line":5,"column":17}},"loc":{"start":{"line":5,"column":25},"end":{"line":7,"column":1}},"line":5}},"branchMap":{},"s":{"0":1,"1":2,"2":1,"3":1,"4":1},"f":{"0":2,"1":1},"b":{},"_coverageSchema":"43e27e138ebf9cfc5966b082cf9a028302ed4184","hash":"39a70887d89cd25948a9413b7b7b1cdd69d91497"}
}
