{"C:\\dev\\tools\\git\\courses\\projects\\convert-my-money\\lib\\bacen.api.js": {"path":"C:\\dev\\tools\\git\\courses\\projects\\convert-my-money\\lib\\bacen.api.js","statementMap":{"0":{"start":{"line":1,"column":14},"end":{"line":1,"column":30}},"1":{"start":{"line":3,"column":15},"end":{"line":3,"column":236}},"2":{"start":{"line":3,"column":23},"end":{"line":3,"column":236}},"3":{"start":{"line":5,"column":17},"end":{"line":11,"column":1}},"4":{"start":{"line":6,"column":18},"end":{"line":6,"column":28}},"5":{"start":{"line":7,"column":15},"end":{"line":7,"column":30}},"6":{"start":{"line":8,"column":15},"end":{"line":8,"column":31}},"7":{"start":{"line":9,"column":17},"end":{"line":9,"column":36}},"8":{"start":{"line":10,"column":4},"end":{"line":10,"column":36}},"9":{"start":{"line":12,"column":20},"end":{"line":12,"column":41}},"10":{"start":{"line":12,"column":27},"end":{"line":12,"column":41}},"11":{"start":{"line":13,"column":21},"end":{"line":13,"column":70}},"12":{"start":{"line":13,"column":35},"end":{"line":13,"column":70}},"13":{"start":{"line":14,"column":17},"end":{"line":26,"column":1}},"14":{"start":{"line":15,"column":4},"end":{"line":25,"column":5}},"15":{"start":{"line":17,"column":20},"end":{"line":17,"column":40}},"16":{"start":{"line":18,"column":25},"end":{"line":18,"column":47}},"17":{"start":{"line":19,"column":22},"end":{"line":19,"column":44}},"18":{"start":{"line":20,"column":8},"end":{"line":20,"column":26}},"19":{"start":{"line":21,"column":8},"end":{"line":21,"column":20}},"20":{"start":{"line":23,"column":8},"end":{"line":23,"column":24}},"21":{"start":{"line":24,"column":8},"end":{"line":24,"column":17}},"22":{"start":{"line":30,"column":0},"end":{"line":34,"column":1}}},"fnMap":{"0":{"name":"(anonymous_0)","decl":{"start":{"line":3,"column":15},"end":{"line":3,"column":16}},"loc":{"start":{"line":3,"column":23},"end":{"line":3,"column":236}},"line":3},"1":{"name":"(anonymous_1)","decl":{"start":{"line":5,"column":17},"end":{"line":5,"column":18}},"loc":{"start":{"line":5,"column":23},"end":{"line":11,"column":1}},"line":5},"2":{"name":"(anonymous_2)","decl":{"start":{"line":12,"column":20},"end":{"line":12,"column":21}},"loc":{"start":{"line":12,"column":27},"end":{"line":12,"column":41}},"line":12},"3":{"name":"(anonymous_3)","decl":{"start":{"line":13,"column":21},"end":{"line":13,"column":22}},"loc":{"start":{"line":13,"column":35},"end":{"line":13,"column":70}},"line":13},"4":{"name":"(anonymous_4)","decl":{"start":{"line":14,"column":17},"end":{"line":14,"column":18}},"loc":{"start":{"line":14,"column":29},"end":{"line":26,"column":1}},"line":14}},"branchMap":{},"s":{"0":1,"1":1,"2":0,"3":1,"4":0,"5":0,"6":0,"7":0,"8":0,"9":1,"10":1,"11":1,"12":1,"13":1,"14":0,"15":0,"16":0,"17":0,"18":0,"19":0,"20":0,"21":0,"22":1},"f":{"0":0,"1":0,"2":1,"3":1,"4":0},"b":{},"_coverageSchema":"43e27e138ebf9cfc5966b082cf9a028302ed4184","hash":"26a044e38a19c661bf5fa84197707eb97c2370c3"}
,"C:\\dev\\tools\\git\\courses\\projects\\convert-my-money\\lib\\currency.js": {"path":"C:\\dev\\tools\\git\\courses\\projects\\convert-my-money\\lib\\currency.js","statementMap":{"0":{"start":{"line":1,"column":16},"end":{"line":3,"column":1}},"1":{"start":{"line":2,"column":4},"end":{"line":2,"column":25}},"2":{"start":{"line":5,"column":16},"end":{"line":7,"column":1}},"3":{"start":{"line":6,"column":4},"end":{"line":6,"column":39}},"4":{"start":{"line":9,"column":0},"end":{"line":12,"column":1}}},"fnMap":{"0":{"name":"(anonymous_0)","decl":{"start":{"line":1,"column":16},"end":{"line":1,"column":17}},"loc":{"start":{"line":1,"column":35},"end":{"line":3,"column":1}},"line":1},"1":{"name":"(anonymous_1)","decl":{"start":{"line":5,"column":16},"end":{"line":5,"column":17}},"loc":{"start":{"line":5,"column":25},"end":{"line":7,"column":1}},"line":5}},"branchMap":{},"s":{"0":1,"1":2,"2":1,"3":1,"4":1},"f":{"0":2,"1":1},"b":{},"_coverageSchema":"43e27e138ebf9cfc5966b082cf9a028302ed4184","hash":"39a70887d89cd25948a9413b7b7b1cdd69d91497"}
}
